  GrafkomH-672018152-Tugas5.cpp
C:\Users\Alfriyanis\source\repos\GrafkomH-672018152-Tugas5\GrafkomH-672018152-Tugas5\GrafkomH-672018152-Tugas5.cpp(44,28): warning C4305: 'argument': truncation from 'double' to 'GLfloat'
C:\Users\Alfriyanis\source\repos\GrafkomH-672018152-Tugas5\GrafkomH-672018152-Tugas5\GrafkomH-672018152-Tugas5.cpp(68,28): warning C4305: 'argument': truncation from 'double' to 'GLfloat'
C:\Users\Alfriyanis\source\repos\GrafkomH-672018152-Tugas5\GrafkomH-672018152-Tugas5\GrafkomH-672018152-Tugas5.cpp(76,28): warning C4305: 'argument': truncation from 'double' to 'GLfloat'
C:\Users\Alfriyanis\source\repos\GrafkomH-672018152-Tugas5\GrafkomH-672018152-Tugas5\GrafkomH-672018152-Tugas5.cpp(85,30): warning C4305: 'argument': truncation from 'double' to 'GLfloat'
C:\Users\Alfriyanis\source\repos\GrafkomH-672018152-Tugas5\GrafkomH-672018152-Tugas5\GrafkomH-672018152-Tugas5.cpp(93,33): warning C4305: 'argument': truncation from 'double' to 'GLfloat'
C:\Users\Alfriyanis\source\repos\GrafkomH-672018152-Tugas5\GrafkomH-672018152-Tugas5\GrafkomH-672018152-Tugas5.cpp(94,32): warning C4305: 'argument': truncation from 'double' to 'GLfloat'
C:\Users\Alfriyanis\source\repos\GrafkomH-672018152-Tugas5\GrafkomH-672018152-Tugas5\GrafkomH-672018152-Tugas5.cpp(98,28): warning C4305: 'argument': truncation from 'double' to 'GLfloat'
C:\Users\Alfriyanis\source\repos\GrafkomH-672018152-Tugas5\GrafkomH-672018152-Tugas5\GrafkomH-672018152-Tugas5.cpp(100,32): warning C4305: 'argument': truncation from 'double' to 'GLfloat'
C:\Users\Alfriyanis\source\repos\GrafkomH-672018152-Tugas5\GrafkomH-672018152-Tugas5\GrafkomH-672018152-Tugas5.cpp(100,63): warning C4305: 'argument': truncation from 'double' to 'GLfloat'
C:\Users\Alfriyanis\source\repos\GrafkomH-672018152-Tugas5\GrafkomH-672018152-Tugas5\GrafkomH-672018152-Tugas5.cpp(101,32): warning C4305: 'argument': truncation from 'double' to 'GLfloat'
C:\Users\Alfriyanis\source\repos\GrafkomH-672018152-Tugas5\GrafkomH-672018152-Tugas5\GrafkomH-672018152-Tugas5.cpp(101,63): warning C4305: 'argument': truncation from 'double' to 'GLfloat'
C:\Users\Alfriyanis\source\repos\GrafkomH-672018152-Tugas5\GrafkomH-672018152-Tugas5\GrafkomH-672018152-Tugas5.cpp(104,28): warning C4305: 'argument': truncation from 'double' to 'GLfloat'
C:\Users\Alfriyanis\source\repos\GrafkomH-672018152-Tugas5\GrafkomH-672018152-Tugas5\GrafkomH-672018152-Tugas5.cpp(106,32): warning C4305: 'argument': truncation from 'double' to 'GLfloat'
C:\Users\Alfriyanis\source\repos\GrafkomH-672018152-Tugas5\GrafkomH-672018152-Tugas5\GrafkomH-672018152-Tugas5.cpp(106,63): warning C4305: 'argument': truncation from 'double' to 'GLfloat'
C:\Users\Alfriyanis\source\repos\GrafkomH-672018152-Tugas5\GrafkomH-672018152-Tugas5\GrafkomH-672018152-Tugas5.cpp(107,32): warning C4305: 'argument': truncation from 'double' to 'GLfloat'
C:\Users\Alfriyanis\source\repos\GrafkomH-672018152-Tugas5\GrafkomH-672018152-Tugas5\GrafkomH-672018152-Tugas5.cpp(107,63): warning C4305: 'argument': truncation from 'double' to 'GLfloat'
C:\Users\Alfriyanis\source\repos\GrafkomH-672018152-Tugas5\GrafkomH-672018152-Tugas5\GrafkomH-672018152-Tugas5.cpp(127,28): warning C4305: 'argument': truncation from 'double' to 'GLfloat'
C:\Users\Alfriyanis\source\repos\GrafkomH-672018152-Tugas5\GrafkomH-672018152-Tugas5\GrafkomH-672018152-Tugas5.cpp(133,30): warning C4305: 'argument': truncation from 'double' to 'GLfloat'
C:\Users\Alfriyanis\source\repos\GrafkomH-672018152-Tugas5\GrafkomH-672018152-Tugas5\GrafkomH-672018152-Tugas5.cpp(139,31): warning C4305: 'argument': truncation from 'double' to 'GLfloat'
C:\Users\Alfriyanis\source\repos\GrafkomH-672018152-Tugas5\GrafkomH-672018152-Tugas5\GrafkomH-672018152-Tugas5.cpp(146,28): warning C4305: 'argument': truncation from 'double' to 'GLfloat'
C:\Users\Alfriyanis\source\repos\GrafkomH-672018152-Tugas5\GrafkomH-672018152-Tugas5\GrafkomH-672018152-Tugas5.cpp(159,28): warning C4305: 'argument': truncation from 'double' to 'GLfloat'
C:\Users\Alfriyanis\source\repos\GrafkomH-672018152-Tugas5\GrafkomH-672018152-Tugas5\GrafkomH-672018152-Tugas5.cpp(161,33): warning C4305: 'argument': truncation from 'double' to 'GLfloat'
C:\Users\Alfriyanis\source\repos\GrafkomH-672018152-Tugas5\GrafkomH-672018152-Tugas5\GrafkomH-672018152-Tugas5.cpp(161,66): warning C4305: 'argument': truncation from 'double' to 'GLfloat'
C:\Users\Alfriyanis\source\repos\GrafkomH-672018152-Tugas5\GrafkomH-672018152-Tugas5\GrafkomH-672018152-Tugas5.cpp(162,33): warning C4305: 'argument': truncation from 'double' to 'GLfloat'
C:\Users\Alfriyanis\source\repos\GrafkomH-672018152-Tugas5\GrafkomH-672018152-Tugas5\GrafkomH-672018152-Tugas5.cpp(162,66): warning C4305: 'argument': truncation from 'double' to 'GLfloat'
C:\Users\Alfriyanis\source\repos\GrafkomH-672018152-Tugas5\GrafkomH-672018152-Tugas5\GrafkomH-672018152-Tugas5.cpp(181,32): warning C4305: 'argument': truncation from 'double' to 'GLfloat'
C:\Users\Alfriyanis\source\repos\GrafkomH-672018152-Tugas5\GrafkomH-672018152-Tugas5\GrafkomH-672018152-Tugas5.cpp(183,34): warning C4305: 'argument': truncation from 'double' to 'GLfloat'
C:\Users\Alfriyanis\source\repos\GrafkomH-672018152-Tugas5\GrafkomH-672018152-Tugas5\GrafkomH-672018152-Tugas5.cpp(184,33): warning C4305: 'argument': truncation from 'double' to 'GLfloat'
C:\Users\Alfriyanis\source\repos\GrafkomH-672018152-Tugas5\GrafkomH-672018152-Tugas5\GrafkomH-672018152-Tugas5.cpp(185,32): warning C4305: 'argument': truncation from 'double' to 'GLfloat'
C:\Users\Alfriyanis\source\repos\GrafkomH-672018152-Tugas5\GrafkomH-672018152-Tugas5\GrafkomH-672018152-Tugas5.cpp(186,33): warning C4305: 'argument': truncation from 'double' to 'GLfloat'
C:\Users\Alfriyanis\source\repos\GrafkomH-672018152-Tugas5\GrafkomH-672018152-Tugas5\GrafkomH-672018152-Tugas5.cpp(189,30): warning C4305: 'argument': truncation from 'double' to 'GLfloat'
C:\Users\Alfriyanis\source\repos\GrafkomH-672018152-Tugas5\GrafkomH-672018152-Tugas5\GrafkomH-672018152-Tugas5.cpp(191,34): warning C4305: 'argument': truncation from 'double' to 'GLfloat'
C:\Users\Alfriyanis\source\repos\GrafkomH-672018152-Tugas5\GrafkomH-672018152-Tugas5\GrafkomH-672018152-Tugas5.cpp(192,33): warning C4305: 'argument': truncation from 'double' to 'GLfloat'
C:\Users\Alfriyanis\source\repos\GrafkomH-672018152-Tugas5\GrafkomH-672018152-Tugas5\GrafkomH-672018152-Tugas5.cpp(193,32): warning C4305: 'argument': truncation from 'double' to 'GLfloat'
C:\Users\Alfriyanis\source\repos\GrafkomH-672018152-Tugas5\GrafkomH-672018152-Tugas5\GrafkomH-672018152-Tugas5.cpp(194,33): warning C4305: 'argument': truncation from 'double' to 'GLfloat'
C:\Users\Alfriyanis\source\repos\GrafkomH-672018152-Tugas5\GrafkomH-672018152-Tugas5\GrafkomH-672018152-Tugas5.cpp(216,28): warning C4305: 'argument': truncation from 'double' to 'GLfloat'
C:\Users\Alfriyanis\source\repos\GrafkomH-672018152-Tugas5\GrafkomH-672018152-Tugas5\GrafkomH-672018152-Tugas5.cpp(223,30): warning C4305: 'argument': truncation from 'double' to 'GLfloat'
C:\Users\Alfriyanis\source\repos\GrafkomH-672018152-Tugas5\GrafkomH-672018152-Tugas5\GrafkomH-672018152-Tugas5.cpp(239,30): warning C4305: 'argument': truncation from 'double' to 'GLfloat'
C:\Users\Alfriyanis\source\repos\GrafkomH-672018152-Tugas5\GrafkomH-672018152-Tugas5\GrafkomH-672018152-Tugas5.cpp(247,30): warning C4305: 'argument': truncation from 'double' to 'GLfloat'
C:\Users\Alfriyanis\source\repos\GrafkomH-672018152-Tugas5\GrafkomH-672018152-Tugas5\GrafkomH-672018152-Tugas5.cpp(257,30): warning C4305: 'argument': truncation from 'double' to 'GLfloat'
C:\Users\Alfriyanis\source\repos\GrafkomH-672018152-Tugas5\GrafkomH-672018152-Tugas5\GrafkomH-672018152-Tugas5.cpp(265,30): warning C4305: 'argument': truncation from 'double' to 'GLfloat'
C:\Users\Alfriyanis\source\repos\GrafkomH-672018152-Tugas5\GrafkomH-672018152-Tugas5\GrafkomH-672018152-Tugas5.cpp(274,30): warning C4305: 'argument': truncation from 'double' to 'GLfloat'
C:\Users\Alfriyanis\source\repos\GrafkomH-672018152-Tugas5\GrafkomH-672018152-Tugas5\GrafkomH-672018152-Tugas5.cpp(282,30): warning C4305: 'argument': truncation from 'double' to 'GLfloat'
C:\Users\Alfriyanis\source\repos\GrafkomH-672018152-Tugas5\GrafkomH-672018152-Tugas5\GrafkomH-672018152-Tugas5.cpp(290,30): warning C4305: 'argument': truncation from 'double' to 'GLfloat'
C:\Users\Alfriyanis\source\repos\GrafkomH-672018152-Tugas5\GrafkomH-672018152-Tugas5\GrafkomH-672018152-Tugas5.cpp(292,31): warning C4305: 'argument': truncation from 'double' to 'GLfloat'
C:\Users\Alfriyanis\source\repos\GrafkomH-672018152-Tugas5\GrafkomH-672018152-Tugas5\GrafkomH-672018152-Tugas5.cpp(292,65): warning C4305: 'argument': truncation from 'double' to 'GLfloat'
C:\Users\Alfriyanis\source\repos\GrafkomH-672018152-Tugas5\GrafkomH-672018152-Tugas5\GrafkomH-672018152-Tugas5.cpp(293,33): warning C4305: 'argument': truncation from 'double' to 'GLfloat'
C:\Users\Alfriyanis\source\repos\GrafkomH-672018152-Tugas5\GrafkomH-672018152-Tugas5\GrafkomH-672018152-Tugas5.cpp(293,67): warning C4305: 'argument': truncation from 'double' to 'GLfloat'
C:\Users\Alfriyanis\source\repos\GrafkomH-672018152-Tugas5\GrafkomH-672018152-Tugas5\GrafkomH-672018152-Tugas5.cpp(296,30): warning C4305: 'argument': truncation from 'double' to 'GLfloat'
C:\Users\Alfriyanis\source\repos\GrafkomH-672018152-Tugas5\GrafkomH-672018152-Tugas5\GrafkomH-672018152-Tugas5.cpp(298,33): warning C4305: 'argument': truncation from 'double' to 'GLfloat'
C:\Users\Alfriyanis\source\repos\GrafkomH-672018152-Tugas5\GrafkomH-672018152-Tugas5\GrafkomH-672018152-Tugas5.cpp(298,67): warning C4305: 'argument': truncation from 'double' to 'GLfloat'
C:\Users\Alfriyanis\source\repos\GrafkomH-672018152-Tugas5\GrafkomH-672018152-Tugas5\GrafkomH-672018152-Tugas5.cpp(299,33): warning C4305: 'argument': truncation from 'double' to 'GLfloat'
C:\Users\Alfriyanis\source\repos\GrafkomH-672018152-Tugas5\GrafkomH-672018152-Tugas5\GrafkomH-672018152-Tugas5.cpp(299,67): warning C4305: 'argument': truncation from 'double' to 'GLfloat'
C:\Users\Alfriyanis\source\repos\GrafkomH-672018152-Tugas5\GrafkomH-672018152-Tugas5\GrafkomH-672018152-Tugas5.cpp(302,30): warning C4305: 'argument': truncation from 'double' to 'GLfloat'
C:\Users\Alfriyanis\source\repos\GrafkomH-672018152-Tugas5\GrafkomH-672018152-Tugas5\GrafkomH-672018152-Tugas5.cpp(304,33): warning C4305: 'argument': truncation from 'double' to 'GLfloat'
C:\Users\Alfriyanis\source\repos\GrafkomH-672018152-Tugas5\GrafkomH-672018152-Tugas5\GrafkomH-672018152-Tugas5.cpp(304,67): warning C4305: 'argument': truncation from 'double' to 'GLfloat'
C:\Users\Alfriyanis\source\repos\GrafkomH-672018152-Tugas5\GrafkomH-672018152-Tugas5\GrafkomH-672018152-Tugas5.cpp(305,33): warning C4305: 'argument': truncation from 'double' to 'GLfloat'
C:\Users\Alfriyanis\source\repos\GrafkomH-672018152-Tugas5\GrafkomH-672018152-Tugas5\GrafkomH-672018152-Tugas5.cpp(305,67): warning C4305: 'argument': truncation from 'double' to 'GLfloat'
C:\Users\Alfriyanis\source\repos\GrafkomH-672018152-Tugas5\GrafkomH-672018152-Tugas5\GrafkomH-672018152-Tugas5.cpp(308,28): warning C4305: 'argument': truncation from 'double' to 'GLfloat'
C:\Users\Alfriyanis\source\repos\GrafkomH-672018152-Tugas5\GrafkomH-672018152-Tugas5\GrafkomH-672018152-Tugas5.cpp(310,33): warning C4305: 'argument': truncation from 'double' to 'GLfloat'
C:\Users\Alfriyanis\source\repos\GrafkomH-672018152-Tugas5\GrafkomH-672018152-Tugas5\GrafkomH-672018152-Tugas5.cpp(310,67): warning C4305: 'argument': truncation from 'double' to 'GLfloat'
C:\Users\Alfriyanis\source\repos\GrafkomH-672018152-Tugas5\GrafkomH-672018152-Tugas5\GrafkomH-672018152-Tugas5.cpp(311,33): warning C4305: 'argument': truncation from 'double' to 'GLfloat'
C:\Users\Alfriyanis\source\repos\GrafkomH-672018152-Tugas5\GrafkomH-672018152-Tugas5\GrafkomH-672018152-Tugas5.cpp(311,67): warning C4305: 'argument': truncation from 'double' to 'GLfloat'
C:\Users\Alfriyanis\source\repos\GrafkomH-672018152-Tugas5\GrafkomH-672018152-Tugas5\GrafkomH-672018152-Tugas5.cpp(314,30): warning C4305: 'argument': truncation from 'double' to 'GLfloat'
C:\Users\Alfriyanis\source\repos\GrafkomH-672018152-Tugas5\GrafkomH-672018152-Tugas5\GrafkomH-672018152-Tugas5.cpp(316,31): warning C4305: 'argument': truncation from 'double' to 'GLfloat'
C:\Users\Alfriyanis\source\repos\GrafkomH-672018152-Tugas5\GrafkomH-672018152-Tugas5\GrafkomH-672018152-Tugas5.cpp(316,65): warning C4305: 'argument': truncation from 'double' to 'GLfloat'
C:\Users\Alfriyanis\source\repos\GrafkomH-672018152-Tugas5\GrafkomH-672018152-Tugas5\GrafkomH-672018152-Tugas5.cpp(317,33): warning C4305: 'argument': truncation from 'double' to 'GLfloat'
C:\Users\Alfriyanis\source\repos\GrafkomH-672018152-Tugas5\GrafkomH-672018152-Tugas5\GrafkomH-672018152-Tugas5.cpp(317,65): warning C4305: 'argument': truncation from 'double' to 'GLfloat'
C:\Users\Alfriyanis\source\repos\GrafkomH-672018152-Tugas5\GrafkomH-672018152-Tugas5\GrafkomH-672018152-Tugas5.cpp(321,28): warning C4305: 'argument': truncation from 'double' to 'GLfloat'
C:\Users\Alfriyanis\source\repos\GrafkomH-672018152-Tugas5\GrafkomH-672018152-Tugas5\GrafkomH-672018152-Tugas5.cpp(327,28): warning C4305: 'argument': truncation from 'double' to 'GLfloat'
C:\Users\Alfriyanis\source\repos\GrafkomH-672018152-Tugas5\GrafkomH-672018152-Tugas5\GrafkomH-672018152-Tugas5.cpp(333,28): warning C4305: 'argument': truncation from 'double' to 'GLfloat'
C:\Users\Alfriyanis\source\repos\GrafkomH-672018152-Tugas5\GrafkomH-672018152-Tugas5\GrafkomH-672018152-Tugas5.cpp(339,30): warning C4305: 'argument': truncation from 'double' to 'GLfloat'
C:\Users\Alfriyanis\source\repos\GrafkomH-672018152-Tugas5\GrafkomH-672018152-Tugas5\GrafkomH-672018152-Tugas5.cpp(344,30): warning C4305: 'argument': truncation from 'double' to 'GLfloat'
C:\Users\Alfriyanis\source\repos\GrafkomH-672018152-Tugas5\GrafkomH-672018152-Tugas5\GrafkomH-672018152-Tugas5.cpp(370,30): warning C4305: 'argument': truncation from 'double' to 'GLfloat'
C:\Users\Alfriyanis\source\repos\GrafkomH-672018152-Tugas5\GrafkomH-672018152-Tugas5\GrafkomH-672018152-Tugas5.cpp(378,30): warning C4305: 'argument': truncation from 'double' to 'GLfloat'
C:\Users\Alfriyanis\source\repos\GrafkomH-672018152-Tugas5\GrafkomH-672018152-Tugas5\GrafkomH-672018152-Tugas5.cpp(380,30): warning C4305: 'argument': truncation from 'double' to 'GLfloat'
C:\Users\Alfriyanis\source\repos\GrafkomH-672018152-Tugas5\GrafkomH-672018152-Tugas5\GrafkomH-672018152-Tugas5.cpp(380,63): warning C4305: 'argument': truncation from 'double' to 'GLfloat'
C:\Users\Alfriyanis\source\repos\GrafkomH-672018152-Tugas5\GrafkomH-672018152-Tugas5\GrafkomH-672018152-Tugas5.cpp(381,32): warning C4305: 'argument': truncation from 'double' to 'GLfloat'
C:\Users\Alfriyanis\source\repos\GrafkomH-672018152-Tugas5\GrafkomH-672018152-Tugas5\GrafkomH-672018152-Tugas5.cpp(381,65): warning C4305: 'argument': truncation from 'double' to 'GLfloat'
C:\Users\Alfriyanis\source\repos\GrafkomH-672018152-Tugas5\GrafkomH-672018152-Tugas5\GrafkomH-672018152-Tugas5.cpp(384,30): warning C4305: 'argument': truncation from 'double' to 'GLfloat'
C:\Users\Alfriyanis\source\repos\GrafkomH-672018152-Tugas5\GrafkomH-672018152-Tugas5\GrafkomH-672018152-Tugas5.cpp(386,32): warning C4305: 'argument': truncation from 'double' to 'GLfloat'
C:\Users\Alfriyanis\source\repos\GrafkomH-672018152-Tugas5\GrafkomH-672018152-Tugas5\GrafkomH-672018152-Tugas5.cpp(386,65): warning C4305: 'argument': truncation from 'double' to 'GLfloat'
C:\Users\Alfriyanis\source\repos\GrafkomH-672018152-Tugas5\GrafkomH-672018152-Tugas5\GrafkomH-672018152-Tugas5.cpp(387,32): warning C4305: 'argument': truncation from 'double' to 'GLfloat'
C:\Users\Alfriyanis\source\repos\GrafkomH-672018152-Tugas5\GrafkomH-672018152-Tugas5\GrafkomH-672018152-Tugas5.cpp(387,65): warning C4305: 'argument': truncation from 'double' to 'GLfloat'
C:\Users\Alfriyanis\source\repos\GrafkomH-672018152-Tugas5\GrafkomH-672018152-Tugas5\GrafkomH-672018152-Tugas5.cpp(390,30): warning C4305: 'argument': truncation from 'double' to 'GLfloat'
C:\Users\Alfriyanis\source\repos\GrafkomH-672018152-Tugas5\GrafkomH-672018152-Tugas5\GrafkomH-672018152-Tugas5.cpp(392,32): warning C4305: 'argument': truncation from 'double' to 'GLfloat'
C:\Users\Alfriyanis\source\repos\GrafkomH-672018152-Tugas5\GrafkomH-672018152-Tugas5\GrafkomH-672018152-Tugas5.cpp(392,65): warning C4305: 'argument': truncation from 'double' to 'GLfloat'
C:\Users\Alfriyanis\source\repos\GrafkomH-672018152-Tugas5\GrafkomH-672018152-Tugas5\GrafkomH-672018152-Tugas5.cpp(393,32): warning C4305: 'argument': truncation from 'double' to 'GLfloat'
C:\Users\Alfriyanis\source\repos\GrafkomH-672018152-Tugas5\GrafkomH-672018152-Tugas5\GrafkomH-672018152-Tugas5.cpp(393,65): warning C4305: 'argument': truncation from 'double' to 'GLfloat'
C:\Users\Alfriyanis\source\repos\GrafkomH-672018152-Tugas5\GrafkomH-672018152-Tugas5\GrafkomH-672018152-Tugas5.cpp(396,28): warning C4305: 'argument': truncation from 'double' to 'GLfloat'
C:\Users\Alfriyanis\source\repos\GrafkomH-672018152-Tugas5\GrafkomH-672018152-Tugas5\GrafkomH-672018152-Tugas5.cpp(398,32): warning C4305: 'argument': truncation from 'double' to 'GLfloat'
C:\Users\Alfriyanis\source\repos\GrafkomH-672018152-Tugas5\GrafkomH-672018152-Tugas5\GrafkomH-672018152-Tugas5.cpp(398,65): warning C4305: 'argument': truncation from 'double' to 'GLfloat'
C:\Users\Alfriyanis\source\repos\GrafkomH-672018152-Tugas5\GrafkomH-672018152-Tugas5\GrafkomH-672018152-Tugas5.cpp(399,32): warning C4305: 'argument': truncation from 'double' to 'GLfloat'
C:\Users\Alfriyanis\source\repos\GrafkomH-672018152-Tugas5\GrafkomH-672018152-Tugas5\GrafkomH-672018152-Tugas5.cpp(399,65): warning C4305: 'argument': truncation from 'double' to 'GLfloat'
C:\Users\Alfriyanis\source\repos\GrafkomH-672018152-Tugas5\GrafkomH-672018152-Tugas5\GrafkomH-672018152-Tugas5.cpp(402,30): warning C4305: 'argument': truncation from 'double' to 'GLfloat'
C:\Users\Alfriyanis\source\repos\GrafkomH-672018152-Tugas5\GrafkomH-672018152-Tugas5\GrafkomH-672018152-Tugas5.cpp(404,30): warning C4305: 'argument': truncation from 'double' to 'GLfloat'
C:\Users\Alfriyanis\source\repos\GrafkomH-672018152-Tugas5\GrafkomH-672018152-Tugas5\GrafkomH-672018152-Tugas5.cpp(404,63): warning C4305: 'argument': truncation from 'double' to 'GLfloat'
C:\Users\Alfriyanis\source\repos\GrafkomH-672018152-Tugas5\GrafkomH-672018152-Tugas5\GrafkomH-672018152-Tugas5.cpp(405,32): warning C4305: 'argument': truncation from 'double' to 'GLfloat'
C:\Users\Alfriyanis\source\repos\GrafkomH-672018152-Tugas5\GrafkomH-672018152-Tugas5\GrafkomH-672018152-Tugas5.cpp(405,63): warning C4305: 'argument': truncation from 'double' to 'GLfloat'
C:\Users\Alfriyanis\source\repos\GrafkomH-672018152-Tugas5\GrafkomH-672018152-Tugas5\GrafkomH-672018152-Tugas5.cpp(409,30): warning C4305: 'argument': truncation from 'double' to 'GLfloat'
C:\Users\Alfriyanis\source\repos\GrafkomH-672018152-Tugas5\GrafkomH-672018152-Tugas5\GrafkomH-672018152-Tugas5.cpp(419,30): warning C4305: 'argument': truncation from 'double' to 'GLfloat'
C:\Users\Alfriyanis\source\repos\GrafkomH-672018152-Tugas5\GrafkomH-672018152-Tugas5\GrafkomH-672018152-Tugas5.cpp(425,28): warning C4305: 'argument': truncation from 'double' to 'GLfloat'
C:\Users\Alfriyanis\source\repos\GrafkomH-672018152-Tugas5\GrafkomH-672018152-Tugas5\GrafkomH-672018152-Tugas5.cpp(432,30): warning C4305: 'argument': truncation from 'double' to 'GLfloat'
C:\Users\Alfriyanis\source\repos\GrafkomH-672018152-Tugas5\GrafkomH-672018152-Tugas5\GrafkomH-672018152-Tugas5.cpp(442,28): warning C4305: 'argument': truncation from 'double' to 'GLfloat'
C:\Users\Alfriyanis\source\repos\GrafkomH-672018152-Tugas5\GrafkomH-672018152-Tugas5\GrafkomH-672018152-Tugas5.cpp(444,35): warning C4305: 'argument': truncation from 'double' to 'GLfloat'
C:\Users\Alfriyanis\source\repos\GrafkomH-672018152-Tugas5\GrafkomH-672018152-Tugas5\GrafkomH-672018152-Tugas5.cpp(444,66): warning C4305: 'argument': truncation from 'double' to 'GLfloat'
C:\Users\Alfriyanis\source\repos\GrafkomH-672018152-Tugas5\GrafkomH-672018152-Tugas5\GrafkomH-672018152-Tugas5.cpp(445,32): warning C4305: 'argument': truncation from 'double' to 'GLfloat'
C:\Users\Alfriyanis\source\repos\GrafkomH-672018152-Tugas5\GrafkomH-672018152-Tugas5\GrafkomH-672018152-Tugas5.cpp(445,67): warning C4305: 'argument': truncation from 'double' to 'GLfloat'
C:\Users\Alfriyanis\source\repos\GrafkomH-672018152-Tugas5\GrafkomH-672018152-Tugas5\GrafkomH-672018152-Tugas5.cpp(449,28): warning C4305: 'argument': truncation from 'double' to 'GLfloat'
C:\Users\Alfriyanis\source\repos\GrafkomH-672018152-Tugas5\GrafkomH-672018152-Tugas5\GrafkomH-672018152-Tugas5.cpp(467,30): warning C4305: 'argument': truncation from 'double' to 'GLfloat'
C:\Users\Alfriyanis\source\repos\GrafkomH-672018152-Tugas5\GrafkomH-672018152-Tugas5\GrafkomH-672018152-Tugas5.cpp(475,30): warning C4305: 'argument': truncation from 'double' to 'GLfloat'
C:\Users\Alfriyanis\source\repos\GrafkomH-672018152-Tugas5\GrafkomH-672018152-Tugas5\GrafkomH-672018152-Tugas5.cpp(487,28): warning C4305: 'argument': truncation from 'double' to 'GLfloat'
C:\Users\Alfriyanis\source\repos\GrafkomH-672018152-Tugas5\GrafkomH-672018152-Tugas5\GrafkomH-672018152-Tugas5.cpp(494,28): warning C4305: 'argument': truncation from 'double' to 'GLfloat'
C:\Users\Alfriyanis\source\repos\GrafkomH-672018152-Tugas5\GrafkomH-672018152-Tugas5\GrafkomH-672018152-Tugas5.cpp(496,34): warning C4305: 'argument': truncation from 'double' to 'GLfloat'
C:\Users\Alfriyanis\source\repos\GrafkomH-672018152-Tugas5\GrafkomH-672018152-Tugas5\GrafkomH-672018152-Tugas5.cpp(496,66): warning C4305: 'argument': truncation from 'double' to 'GLfloat'
C:\Users\Alfriyanis\source\repos\GrafkomH-672018152-Tugas5\GrafkomH-672018152-Tugas5\GrafkomH-672018152-Tugas5.cpp(497,33): warning C4305: 'argument': truncation from 'double' to 'GLfloat'
C:\Users\Alfriyanis\source\repos\GrafkomH-672018152-Tugas5\GrafkomH-672018152-Tugas5\GrafkomH-672018152-Tugas5.cpp(497,65): warning C4305: 'argument': truncation from 'double' to 'GLfloat'
C:\Users\Alfriyanis\source\repos\GrafkomH-672018152-Tugas5\GrafkomH-672018152-Tugas5\GrafkomH-672018152-Tugas5.cpp(512,28): warning C4305: 'argument': truncation from 'double' to 'GLfloat'
C:\Users\Alfriyanis\source\repos\GrafkomH-672018152-Tugas5\GrafkomH-672018152-Tugas5\GrafkomH-672018152-Tugas5.cpp(514,34): warning C4305: 'argument': truncation from 'double' to 'GLfloat'
C:\Users\Alfriyanis\source\repos\GrafkomH-672018152-Tugas5\GrafkomH-672018152-Tugas5\GrafkomH-672018152-Tugas5.cpp(514,64): warning C4305: 'argument': truncation from 'double' to 'GLfloat'
C:\Users\Alfriyanis\source\repos\GrafkomH-672018152-Tugas5\GrafkomH-672018152-Tugas5\GrafkomH-672018152-Tugas5.cpp(515,31): warning C4305: 'argument': truncation from 'double' to 'GLfloat'
C:\Users\Alfriyanis\source\repos\GrafkomH-672018152-Tugas5\GrafkomH-672018152-Tugas5\GrafkomH-672018152-Tugas5.cpp(515,65): warning C4305: 'argument': truncation from 'double' to 'GLfloat'
C:\Users\Alfriyanis\source\repos\GrafkomH-672018152-Tugas5\GrafkomH-672018152-Tugas5\GrafkomH-672018152-Tugas5.cpp(519,28): warning C4305: 'argument': truncation from 'double' to 'GLfloat'
  Generating code
  0 of 7 functions ( 0.0%) were compiled, the rest were copied from previous compilation.
    0 functions were new in current compilation
    0 functions had inline decision re-evaluated but remain unchanged
  Finished generating code
  GrafkomH-672018152-Tugas5.vcxproj -> C:\Users\Alfriyanis\source\repos\GrafkomH-672018152-Tugas5\x64\Release\GrafkomH-672018152-Tugas5.exe
